<?xml version="1.0" encoding="UTF-8"?>
<!-- Generated by org.testng.reporters.JUnitReportReporter -->
<testsuite hostname="EPUAKHAW00D1" failures="0" tests="11" name="tests.authorizationTests.AuthorizationPizzaLifeTests" time="150.468" errors="0" timestamp="2020-03-13T13:27:22 EET" skipped="0">
  <testcase classname="tests.authorizationTests.AuthorizationPizzaLifeTests" name="logInWithValidCredentialsTest" time="13.969"/>
  <testcase classname="tests.authorizationTests.AuthorizationPizzaLifeTests" name="logInWithInvalidPasswordTest" time="13.345"/>
  <testcase classname="tests.authorizationTests.AuthorizationPizzaLifeTests" name="logInWithInvalidCredentialsTest" time="14.087"/>
  <testcase classname="tests.authorizationTests.AuthorizationPizzaLifeTests" name="signUpWithoutFillingEmailField" time="12.940"/>
  <testcase classname="tests.authorizationTests.AuthorizationPizzaLifeTests" name="signUpWithoutFillingFullNameField" time="13.004"/>
  <testcase classname="tests.authorizationTests.AuthorizationPizzaLifeTests" name="logInWithInvalidUsernameTest" time="13.287"/>
  <testcase classname="tests.authorizationTests.AuthorizationPizzaLifeTests" name="RegistrationButtonIsClickableTest" time="12.811"/>
  <testcase classname="tests.authorizationTests.AuthorizationPizzaLifeTests" name="signUpLeavingAllMandatoryFieldsEmpty" time="15.074"/>
  <testcase classname="tests.authorizationTests.AuthorizationPizzaLifeTests" name="signUpWithoutFillingPasswordField" time="13.997"/>
  <testcase classname="tests.authorizationTests.AuthorizationPizzaLifeTests" name="signUpWithoutFillingUserNameField" time="13.487"/>
  <testcase classname="tests.authorizationTests.AuthorizationPizzaLifeTests" name="logOutTest" time="14.467"/>
</testsuite> <!-- tests.authorizationTests.AuthorizationPizzaLifeTests -->
