<?xml version="1.0" encoding="UTF-8"?>
<!-- Generated by org.testng.reporters.JUnitReportReporter -->
<testsuite hostname="EPUAKHAW00D1" failures="0" tests="5" name="tests.cartTests.PizzaLifeCartTests" time="81.460" errors="0" timestamp="2020-03-13T13:24:31 EET" skipped="0">
  <testcase classname="tests.cartTests.PizzaLifeCartTests" name="addToCartTest" time="16.948"/>
  <testcase classname="tests.cartTests.PizzaLifeCartTests" name="makeOrderWithoutFillingNameField" time="16.791"/>
  <testcase classname="tests.cartTests.PizzaLifeCartTests" name="makeOrderWithoutFillingAddressField" time="15.136"/>
  <testcase classname="tests.cartTests.PizzaLifeCartTests" name="makeOrderWithoutFillingPhoneField" time="16.041"/>
  <testcase classname="tests.cartTests.PizzaLifeCartTests" name="makeOrderLeavingAllMandatoryFieldsEmpty" time="16.544"/>
</testsuite> <!-- tests.cartTests.PizzaLifeCartTests -->
